Build started 7/19/2016 23:34:53.
     1>Project "c:\Users\Bibi\documents\visual studio 2012\Projects\KeyValueStore\KeyValueStore\KeyValueStore.vcxproj" on node 2 (Build target(s)).
     1>ClCompile:
         C:\Program Files (x86)\Microsoft Visual Studio 11.0\VC\bin\CL.exe /c /ZI /nologo /W3 /WX- /Od /Oy- /D WIN32 /D _DEBUG /D _CONSOLE /D _UNICODE /D UNICODE /Gm /EHsc /RTC1 /MDd /GS /fp:precise /Zc:wchar_t /Zc:forScope /Fo"Debug\\" /Fd"Debug\vc110.pdb" /Gd /TP /analyze- /errorReport:prompt Hash.cpp
         Hash.cpp
     1>c:\users\bibi\documents\visual studio 2012\projects\keyvaluestore\keyvaluestore\hash.cpp(5): error C2784: 'std::basic_ostream<_Elem,_Traits> &std::operator <<(std::basic_ostream<_Elem,_Traits> &,const std::error_code &)' : could not deduce template argument for 'std::basic_ostream<_Elem,_Traits> &' from 'std::fstream'
                 c:\program files (x86)\microsoft visual studio 11.0\vc\include\ostream(1101) : see declaration of 'std::operator <<'
     1>c:\users\bibi\documents\visual studio 2012\projects\keyvaluestore\keyvaluestore\hash.cpp(5): error C2784: 'std::basic_ostream<_Elem,_Traits> &std::operator <<(std::basic_ostream<_Elem,_Traits> &&,const _Ty &)' : could not deduce template argument for 'std::basic_ostream<_Elem,_Traits> &&' from 'std::fstream'
                 c:\program files (x86)\microsoft visual studio 11.0\vc\include\ostream(984) : see declaration of 'std::operator <<'
     1>c:\users\bibi\documents\visual studio 2012\projects\keyvaluestore\keyvaluestore\hash.cpp(5): error C2784: 'std::basic_ostream<char,_Traits> &std::operator <<(std::basic_ostream<char,_Traits> &,unsigned char)' : could not deduce template argument for 'std::basic_ostream<char,_Traits> &' from 'std::fstream'
                 c:\program files (x86)\microsoft visual studio 11.0\vc\include\ostream(974) : see declaration of 'std::operator <<'
     1>c:\users\bibi\documents\visual studio 2012\projects\keyvaluestore\keyvaluestore\hash.cpp(5): error C2784: 'std::basic_ostream<char,_Traits> &std::operator <<(std::basic_ostream<char,_Traits> &,const unsigned char *)' : could not deduce template argument for 'std::basic_ostream<char,_Traits> &' from 'std::fstream'
                 c:\program files (x86)\microsoft visual studio 11.0\vc\include\ostream(967) : see declaration of 'std::operator <<'
     1>c:\users\bibi\documents\visual studio 2012\projects\keyvaluestore\keyvaluestore\hash.cpp(5): error C2784: 'std::basic_ostream<char,_Traits> &std::operator <<(std::basic_ostream<char,_Traits> &,signed char)' : could not deduce template argument for 'std::basic_ostream<char,_Traits> &' from 'std::fstream'
                 c:\program files (x86)\microsoft visual studio 11.0\vc\include\ostream(960) : see declaration of 'std::operator <<'
     1>c:\users\bibi\documents\visual studio 2012\projects\keyvaluestore\keyvaluestore\hash.cpp(5): error C2784: 'std::basic_ostream<char,_Traits> &std::operator <<(std::basic_ostream<char,_Traits> &,const signed char *)' : could not deduce template argument for 'std::basic_ostream<char,_Traits> &' from 'std::fstream'
                 c:\program files (x86)\microsoft visual studio 11.0\vc\include\ostream(953) : see declaration of 'std::operator <<'
     1>c:\users\bibi\documents\visual studio 2012\projects\keyvaluestore\keyvaluestore\hash.cpp(5): error C2784: 'std::basic_ostream<_Elem,_Traits> &std::operator <<(std::basic_ostream<_Elem,_Traits> &,_Elem)' : could not deduce template argument for 'std::basic_ostream<_Elem,_Traits> &' from 'std::fstream'
                 c:\program files (x86)\microsoft visual studio 11.0\vc\include\ostream(914) : see declaration of 'std::operator <<'
     1>c:\users\bibi\documents\visual studio 2012\projects\keyvaluestore\keyvaluestore\hash.cpp(5): error C2784: 'std::basic_ostream<_Elem,_Traits> &std::operator <<(std::basic_ostream<_Elem,_Traits> &,const _Elem *)' : could not deduce template argument for 'std::basic_ostream<_Elem,_Traits> &' from 'std::fstream'
                 c:\program files (x86)\microsoft visual studio 11.0\vc\include\ostream(867) : see declaration of 'std::operator <<'
     1>c:\users\bibi\documents\visual studio 2012\projects\keyvaluestore\keyvaluestore\hash.cpp(5): error C2784: 'std::basic_ostream<char,_Traits> &std::operator <<(std::basic_ostream<char,_Traits> &,char)' : could not deduce template argument for 'std::basic_ostream<char,_Traits> &' from 'std::fstream'
                 c:\program files (x86)\microsoft visual studio 11.0\vc\include\ostream(827) : see declaration of 'std::operator <<'
     1>c:\users\bibi\documents\visual studio 2012\projects\keyvaluestore\keyvaluestore\hash.cpp(5): error C2784: 'std::basic_ostream<char,_Traits> &std::operator <<(std::basic_ostream<char,_Traits> &,const char *)' : could not deduce template argument for 'std::basic_ostream<char,_Traits> &' from 'std::fstream'
                 c:\program files (x86)\microsoft visual studio 11.0\vc\include\ostream(780) : see declaration of 'std::operator <<'
     1>c:\users\bibi\documents\visual studio 2012\projects\keyvaluestore\keyvaluestore\hash.cpp(5): error C2784: 'std::basic_ostream<_Elem,_Traits> &std::operator <<(std::basic_ostream<_Elem,_Traits> &,char)' : could not deduce template argument for 'std::basic_ostream<_Elem,_Traits> &' from 'std::fstream'
                 c:\program files (x86)\microsoft visual studio 11.0\vc\include\ostream(742) : see declaration of 'std::operator <<'
     1>c:\users\bibi\documents\visual studio 2012\projects\keyvaluestore\keyvaluestore\hash.cpp(5): error C2784: 'std::basic_ostream<_Elem,_Traits> &std::operator <<(std::basic_ostream<_Elem,_Traits> &,const char *)' : could not deduce template argument for 'std::basic_ostream<_Elem,_Traits> &' from 'std::fstream'
                 c:\program files (x86)\microsoft visual studio 11.0\vc\include\ostream(695) : see declaration of 'std::operator <<'
     1>c:\users\bibi\documents\visual studio 2012\projects\keyvaluestore\keyvaluestore\hash.cpp(5): error C2676: binary '<<' : 'std::fstream' does not define this operator or a conversion to a type acceptable to the predefined operator
     1>c:\users\bibi\documents\visual studio 2012\projects\keyvaluestore\keyvaluestore\hash.cpp(6): error C2784: 'std::basic_ostream<_Elem,_Traits> &std::operator <<(std::basic_ostream<_Elem,_Traits> &,const std::error_code &)' : could not deduce template argument for 'std::basic_ostream<_Elem,_Traits> &' from 'std::fstream'
                 c:\program files (x86)\microsoft visual studio 11.0\vc\include\ostream(1101) : see declaration of 'std::operator <<'
     1>c:\users\bibi\documents\visual studio 2012\projects\keyvaluestore\keyvaluestore\hash.cpp(6): error C2784: 'std::basic_ostream<_Elem,_Traits> &std::operator <<(std::basic_ostream<_Elem,_Traits> &&,const _Ty &)' : could not deduce template argument for 'std::basic_ostream<_Elem,_Traits> &&' from 'std::fstream'
                 c:\program files (x86)\microsoft visual studio 11.0\vc\include\ostream(984) : see declaration of 'std::operator <<'
     1>c:\users\bibi\documents\visual studio 2012\projects\keyvaluestore\keyvaluestore\hash.cpp(6): error C2784: 'std::basic_ostream<char,_Traits> &std::operator <<(std::basic_ostream<char,_Traits> &,unsigned char)' : could not deduce template argument for 'std::basic_ostream<char,_Traits> &' from 'std::fstream'
                 c:\program files (x86)\microsoft visual studio 11.0\vc\include\ostream(974) : see declaration of 'std::operator <<'
     1>c:\users\bibi\documents\visual studio 2012\projects\keyvaluestore\keyvaluestore\hash.cpp(6): error C2784: 'std::basic_ostream<char,_Traits> &std::operator <<(std::basic_ostream<char,_Traits> &,const unsigned char *)' : could not deduce template argument for 'std::basic_ostream<char,_Traits> &' from 'std::fstream'
                 c:\program files (x86)\microsoft visual studio 11.0\vc\include\ostream(967) : see declaration of 'std::operator <<'
     1>c:\users\bibi\documents\visual studio 2012\projects\keyvaluestore\keyvaluestore\hash.cpp(6): error C2784: 'std::basic_ostream<char,_Traits> &std::operator <<(std::basic_ostream<char,_Traits> &,signed char)' : could not deduce template argument for 'std::basic_ostream<char,_Traits> &' from 'std::fstream'
                 c:\program files (x86)\microsoft visual studio 11.0\vc\include\ostream(960) : see declaration of 'std::operator <<'
     1>c:\users\bibi\documents\visual studio 2012\projects\keyvaluestore\keyvaluestore\hash.cpp(6): error C2784: 'std::basic_ostream<char,_Traits> &std::operator <<(std::basic_ostream<char,_Traits> &,const signed char *)' : could not deduce template argument for 'std::basic_ostream<char,_Traits> &' from 'std::fstream'
                 c:\program files (x86)\microsoft visual studio 11.0\vc\include\ostream(953) : see declaration of 'std::operator <<'
     1>c:\users\bibi\documents\visual studio 2012\projects\keyvaluestore\keyvaluestore\hash.cpp(6): error C2784: 'std::basic_ostream<_Elem,_Traits> &std::operator <<(std::basic_ostream<_Elem,_Traits> &,_Elem)' : could not deduce template argument for 'std::basic_ostream<_Elem,_Traits> &' from 'std::fstream'
                 c:\program files (x86)\microsoft visual studio 11.0\vc\include\ostream(914) : see declaration of 'std::operator <<'
     1>c:\users\bibi\documents\visual studio 2012\projects\keyvaluestore\keyvaluestore\hash.cpp(6): error C2784: 'std::basic_ostream<_Elem,_Traits> &std::operator <<(std::basic_ostream<_Elem,_Traits> &,const _Elem *)' : could not deduce template argument for 'std::basic_ostream<_Elem,_Traits> &' from 'std::fstream'
                 c:\program files (x86)\microsoft visual studio 11.0\vc\include\ostream(867) : see declaration of 'std::operator <<'
     1>c:\users\bibi\documents\visual studio 2012\projects\keyvaluestore\keyvaluestore\hash.cpp(6): error C2784: 'std::basic_ostream<char,_Traits> &std::operator <<(std::basic_ostream<char,_Traits> &,char)' : could not deduce template argument for 'std::basic_ostream<char,_Traits> &' from 'std::fstream'
                 c:\program files (x86)\microsoft visual studio 11.0\vc\include\ostream(827) : see declaration of 'std::operator <<'
     1>c:\users\bibi\documents\visual studio 2012\projects\keyvaluestore\keyvaluestore\hash.cpp(6): error C2784: 'std::basic_ostream<char,_Traits> &std::operator <<(std::basic_ostream<char,_Traits> &,const char *)' : could not deduce template argument for 'std::basic_ostream<char,_Traits> &' from 'std::fstream'
                 c:\program files (x86)\microsoft visual studio 11.0\vc\include\ostream(780) : see declaration of 'std::operator <<'
     1>c:\users\bibi\documents\visual studio 2012\projects\keyvaluestore\keyvaluestore\hash.cpp(6): error C2784: 'std::basic_ostream<_Elem,_Traits> &std::operator <<(std::basic_ostream<_Elem,_Traits> &,char)' : could not deduce template argument for 'std::basic_ostream<_Elem,_Traits> &' from 'std::fstream'
                 c:\program files (x86)\microsoft visual studio 11.0\vc\include\ostream(742) : see declaration of 'std::operator <<'
     1>c:\users\bibi\documents\visual studio 2012\projects\keyvaluestore\keyvaluestore\hash.cpp(6): error C2784: 'std::basic_ostream<_Elem,_Traits> &std::operator <<(std::basic_ostream<_Elem,_Traits> &,const char *)' : could not deduce template argument for 'std::basic_ostream<_Elem,_Traits> &' from 'std::fstream'
                 c:\program files (x86)\microsoft visual studio 11.0\vc\include\ostream(695) : see declaration of 'std::operator <<'
     1>c:\users\bibi\documents\visual studio 2012\projects\keyvaluestore\keyvaluestore\hash.cpp(6): error C2676: binary '<<' : 'std::fstream' does not define this operator or a conversion to a type acceptable to the predefined operator
     1>c:\users\bibi\documents\visual studio 2012\projects\keyvaluestore\keyvaluestore\hash.cpp(8): error C2675: unary '!' : 'std::fstream' does not define this operator or a conversion to a type acceptable to the predefined operator
     1>c:\users\bibi\documents\visual studio 2012\projects\keyvaluestore\keyvaluestore\hash.cpp(11): warning C4305: 'return' : truncation from 'int' to 'bool'
     1>Done Building Project "c:\Users\Bibi\documents\visual studio 2012\Projects\KeyValueStore\KeyValueStore\KeyValueStore.vcxproj" (Build target(s)) -- FAILED.

Build FAILED.

Time Elapsed 00:00:02.79
